Handbrake Version: 1.6.1 (2023012300)
[02:17:58] gtkgui: Preset: /Web/Social 100 MB 5 Minutes 1080p30
[02:17:58] Starting work at: Sun Feb 26 02:17:58 2023

[02:17:58] 1 job(s) to process
[02:17:58] json job:
{
    "Audio": {
        "AudioList": [
            {
                "Bitrate": 128,
                "CompressionLevel": -1.0,
                "DRC": 0.0,
                "DitherMethod": "auto",
                "Encoder": "av_aac",
                "Gain": 0.0,
                "Mixdown": "stereo",
                "Name": "simple_aac_recording",
                "NormalizeMixLevel": false,
                "PresetEncoder": "av_aac",
                "Quality": -3.0,
                "Samplerate": 0,
                "Track": 0
            }
        ],
        "CopyMask": [
            "copy:aac"
        ],
        "FallbackEncoder": "av_aac"
    },
    "Destination": {
        "AlignAVStart": true,
        "ChapterList": [
            {
                "Duration": {
                    "Hours": 0,
                    "Minutes": 0,
                    "Seconds": 39,
                    "Ticks": 3556530
                },
                "Name": ""
            }
        ],
        "ChapterMarkers": false,
        "File": "/home/bop/cringe_the_second.mp4",
        "InlineParameterSets": false,
        "Mp4Options": {
            "IpodAtom": false,
            "Mp4Optimize": true
        },
        "Mux": "m4v"
    },
    "Filters": {
        "FilterList": [
            {
                "ID": 3,
                "Settings": {
                    "block-height": "16",
                    "block-thresh": "40",
                    "block-width": "16",
                    "filter-mode": "2",
                    "mode": "3",
                    "motion-thresh": "1",
                    "spatial-metric": "2",
                    "spatial-thresh": "1"
                }
            },
            {
                "ID": 4,
                "Settings": {
                    "mode": "7"
                }
            },
            {
                "ID": 7,
                "Settings": {
                    "mode": 2,
                    "rate": "27000000/900000"
                }
            },
            {
                "ID": 14,
                "Settings": {
                    "crop-bottom": 0,
                    "crop-left": 0,
                    "crop-right": 0,
                    "crop-top": 0,
                    "height": 1080,
                    "width": 1920
                }
            }
        ]
    },
    "Metadata": {
        "Name": "2023-02-26 02-16-59"
    },
    "PAR": {
        "Den": 1,
        "Num": 1
    },
    "SequenceID": 0,
    "Source": {
        "Angle": 0,
        "Path": "/home/bop/2023-02-26 02-16-59.mkv",
        "Range": {
            "End": 1,
            "Start": 1,
            "Type": "chapter"
        },
        "Title": 1
    },
    "Subtitle": {
        "Search": {
            "Burn": true,
            "Default": false,
            "Enable": false,
            "Forced": false
        },
        "SubtitleList": []
    },
    "Video": {
        "ChromaLocation": 1,
        "ColorInputFormat": 0,
        "ColorMatrix": 1,
        "ColorOutputFormat": 0,
        "ColorPrimaries": 1,
        "ColorRange": 1,
        "ColorTransfer": 1,
        "Encoder": "x264",
        "HardwareDecode": 0,
        "Level": "4.0",
        "Options": "vbv-bufsize=24000:vbv-maxrate=2400:aq-mode=2:aq-strength=0.8:direct=auto:analyse=all:deblock=3,2",
        "Preset": "medium",
        "Profile": "high",
        "QSV": {
            "AdapterIndex": 0,
            "AsyncDepth": 0,
            "Decode": false
        },
        "Quality": 21.0,
        "Tune": "",
        "Turbo": false,
        "TwoPass": false
    }
}
[02:17:58] CPU: 
[02:17:58]  - logical processor count: 12
[02:17:58] Intel Quick Sync Video support: no
[02:17:58] hb_scan: path=/home/bop/2023-02-26 02-16-59.mkv, title_index=1
udfread ERROR: ECMA 167 Volume Recognition failed
disc.c:333: failed opening UDF image /home/bop/2023-02-26 02-16-59.mkv
disc.c:437: error opening file BDMV/index.bdmv
disc.c:437: error opening file BDMV/BACKUP/index.bdmv
[02:17:58] bd: not a bd - trying as a stream/file instead
libdvdread: DVDOpenFileUDF:UDFFindFile /VIDEO_TS/VIDEO_TS.IFO failed
libdvdnav: vm: vm: failed to read VIDEO_TS.IFO
[02:17:58] dvd: not a dvd - trying as a stream/file instead
Input #0, matroska,webm, from '/home/bop/2023-02-26 02-16-59.mkv':
  Metadata:
    ENCODER         : Lavf59.27.100
  Duration: 00:00:39.52, start: 0.000000, bitrate: 2384 kb/s
  Stream #0:0: Video: h264 (High), yuv420p(tv, bt709, progressive), 1920x1080 [SAR 1:1 DAR 16:9], 60 fps, 60 tbr, 1k tbn
    Metadata:
      DURATION        : 00:00:39.517000000
  Stream #0:1: Audio: aac (LC), 48000 Hz, stereo, fltp
    Metadata:
      title           : simple_aac_recording
      DURATION        : 00:00:39.488000000
[02:17:59] scan: decoding previews for title 1
[02:17:59] scan: audio 0x1: aac, rate=48000Hz, bitrate=1 Unknown (AAC LC) (2.0 ch)
[02:17:59] scan: 10 previews, 1920x1080, 60.000 fps, autocrop = 0/0/0/0, aspect 16:9, PAR 1:1, color profile: 1-1-1, chroma location: left
[02:17:59] libhb: scan thread found 1 valid title(s)
[02:17:59] Starting Task: Encoding Pass
[02:17:59] Skipping crop/scale filter
[02:17:59] job configuration:
[02:17:59]  * source
[02:17:59]    + /home/bop/2023-02-26 02-16-59.mkv
[02:17:59]    + title 1, chapter(s) 1 to 1
[02:17:59]    + container: matroska,webm
[02:17:59]    + data rate: 2384 kbps
[02:17:59]  * destination
[02:17:59]    + /home/bop/cringe_the_second.mp4
[02:17:59]    + container: MPEG-4 (libavformat)
[02:17:59]      + optimized for HTTP streaming (fast start)
[02:17:59]      + align initial A/V stream timestamps
[02:17:59]  * video track
[02:17:59]    + decoder: h264 8-bit (yuv420p)
[02:17:59]    + filters
[02:17:59]      + Comb Detect (mode=3:spatial-metric=2:motion-thresh=1:spatial-thresh=1:filter-mode=2:block-thresh=40:block-width=16:block-height=16)
[02:17:59]      + Decomb (mode=39)
[02:17:59]      + Framerate Shaper (mode=2:rate=27000000/900000)
[02:17:59]        + frame rate: 60.000 fps -> peak rate limited to 30.000 fps
[02:17:59]    + Output geometry
[02:17:59]      + storage dimensions: 1920 x 1080
[02:17:59]      + pixel aspect ratio: 1 : 1
[02:17:59]      + display dimensions: 1920 x 1080
[02:17:59]    + encoder: H.264 (libx264)
[02:17:59]      + preset:  medium
[02:17:59]      + options: vbv-bufsize=24000:vbv-maxrate=2400:aq-mode=2:aq-strength=0.8:direct=auto:analyse=all:deblock=3,2
[02:17:59]      + profile: high
[02:17:59]      + level:   4.0
[02:17:59]      + quality: 21.00 (RF)
[02:17:59]      + color profile: 1-1-1
[02:17:59]      + chroma location: left
[02:17:59]  * audio track 1
[02:17:59]    + name: simple_aac_recording
[02:17:59]    + decoder: Unknown (AAC LC) (2.0 ch) (track 1, id 0x1)
[02:17:59]      + samplerate: 48000 Hz
[02:17:59]    + mixdown: Stereo
[02:17:59]    + encoder: AAC (libavcodec)
[02:17:59]      + bitrate: 128 kbps, samplerate: 48000 Hz
[02:17:59] sync: expecting 2371 video frames
[02:17:59] encx264: min-keyint: 30, keyint: 300
[02:17:59] encx264: encoding at constant RF 21.000000
[02:17:59] encx264: unparsed options: vbv-bufsize=24000:vbv-maxrate=2400:aq-mode=2:aq-strength=0.8:direct=auto:analyse=all:deblock=3,2:level=4.0
x264 [info]: using SAR=1/1
x264 [info]: using cpu capabilities: MMX2 SSE2Fast SSSE3 SSE4.2 AVX FMA3 BMI2 AVX2
x264 [info]: profile High, level 4.0, 4:2:0, 8-bit
[02:17:59] sync: first pts video is 0
[02:17:59] sync: Chapter 1 at frame 1 time 0
[02:17:59] sync: first pts audio 0x1 is 0
[02:18:14] reader: done. 1 scr changes
[02:18:14] work: average encoding speed for job is 157.379517 fps
[02:18:15] comb detect: heavy 1 | light 11 | uncombed 2359 | total 2371
[02:18:15] decomb: deinterlaced 1 | blended 11 | unfiltered 2359 | total 2371
[02:18:15] vfr: 1186 frames output, 1185 dropped and 0 duped for CFR/PFR
[02:18:15] vfr: lost time: 0 (0 frames)
[02:18:15] vfr: gained time: 0 (0 frames) (0 not accounted for)
[02:18:15] aac-decoder done: 1851 frames, 0 decoder errors
[02:18:15] h264-decoder done: 2371 frames, 0 decoder errors
[02:18:15] sync: got 2371 frames, 2371 expected
[02:18:15] sync: framerate min 60.000 fps, max 60.000 fps, avg 60.000 fps
x264 [info]: frame I:6     Avg QP:18.10  size:190724
x264 [info]: frame P:356   Avg QP:20.19  size: 13256
x264 [info]: frame B:824   Avg QP:24.04  size:   959
x264 [info]: consecutive B-frames:  5.1%  6.1%  2.5% 86.3%
x264 [info]: mb I  I16..4: 34.2% 20.3% 45.5%
x264 [info]: mb P  I16..4:  2.3%  1.2%  1.4%  P16..4:  7.0%  1.3%  1.2%  0.2%  0.1%    skip:85.3%
x264 [info]: mb B  I16..4:  0.2%  0.0%  0.1%  B16..8:  3.8%  0.4%  0.1%  direct: 0.1%  skip:95.3%  L0:36.3% L1:57.8% BI: 5.9%
x264 [info]: 8x8 transform intra:21.7% inter:36.9%
x264 [info]: direct mvs  spatial:98.9% temporal:1.1%
x264 [info]: coded y,uvDC,uvAC intra: 26.4% 41.5% 26.4% inter: 1.2% 1.8% 0.8%
x264 [info]: i16 v,h,dc,p: 41% 55%  2%  2%
x264 [info]: i8 v,h,dc,ddl,ddr,vr,hd,vl,hu: 32% 19% 37%  2%  2%  2%  3%  1%  2%
x264 [info]: i4 v,h,dc,ddl,ddr,vr,hd,vl,hu: 40% 30% 13%  2%  3%  3%  3%  3%  4%
x264 [info]: i8c dc,h,v,p: 43% 36% 20%  1%
x264 [info]: Weighted P-Frames: Y:0.0% UV:0.0%
x264 [info]: ref P L0: 75.3%  5.3% 14.3%  5.1%
x264 [info]: ref B L0: 72.4% 24.3%  3.2%
x264 [info]: ref B L1: 94.3%  5.7%
x264 [info]: kb/s:1346.46
[02:18:15] mux: track 0, 1186 frames, 6653496 bytes, 1345.27 kbps, fifo 2048
[02:18:15] mux: track 1, 1852 frames, 484684 bytes, 98.00 kbps, fifo 2048
[02:18:15] Finished work at: Sun Feb 26 02:18:15 2023

[02:18:15] libhb: work result = 0
